<?xml version="1.0" encoding="UTF-8"?>
<testng-results ignored="0" total="2" passed="2" failed="0" skipped="0">
  <reporter-output>
  </reporter-output>
  <suite started-at="2021-01-22T17:51:59 EST" name="Default suite" finished-at="2021-01-22T17:51:59 EST" duration-ms="78">
    <groups>
    </groups>
    <test started-at="2021-01-22T17:51:59 EST" name="Default test" finished-at="2021-01-22T17:51:59 EST" duration-ms="78">
      <class name="practice.TestNGTest">
        <test-method is-config="true" signature="beforeTest()[pri:0, instance:practice.TestNGTest@385e9564]" started-at="2021-01-22T17:51:59 EST" name="beforeTest" finished-at="2021-01-22T17:51:59 EST" duration-ms="16" status="PASS">
          <reporter-output>
          </reporter-output>
        </test-method> <!-- beforeTest -->
        <test-method is-config="true" signature="beforeMethod()[pri:0, instance:practice.TestNGTest@385e9564]" started-at="2021-01-22T17:51:59 EST" name="beforeMethod" finished-at="2021-01-22T17:51:59 EST" duration-ms="0" status="PASS">
          <reporter-output>
          </reporter-output>
        </test-method> <!-- beforeMethod -->
        <test-method signature="select(org.testng.ITestContext)[pri:1, instance:practice.TestNGTest@385e9564]" started-at="2021-01-22T17:51:59 EST" name="select" finished-at="2021-01-22T17:51:59 EST" duration-ms="7" status="PASS">
          <params>
            <param index="0">
              <value>
                <![CDATA[org.testng.TestRunner@fba92d3]]>
              </value>
            </param>
          </params>
          <reporter-output>
          </reporter-output>
        </test-method> <!-- select -->
        <test-method is-config="true" signature="afterMethod()[pri:0, instance:practice.TestNGTest@385e9564]" started-at="2021-01-22T17:51:59 EST" name="afterMethod" finished-at="2021-01-22T17:51:59 EST" duration-ms="1" status="PASS">
          <reporter-output>
          </reporter-output>
        </test-method> <!-- afterMethod -->
        <test-method signature="checkout(org.testng.ITestContext)[pri:2, instance:practice.TestNGTest@385e9564]" started-at="2021-01-22T17:51:59 EST" name="checkout" finished-at="2021-01-22T17:51:59 EST" duration-ms="2" status="PASS">
          <params>
            <param index="0">
              <value>
                <![CDATA[org.testng.TestRunner@fba92d3]]>
              </value>
            </param>
          </params>
          <reporter-output>
          </reporter-output>
        </test-method> <!-- checkout -->
        <test-method is-config="true" signature="beforeMethod()[pri:0, instance:practice.TestNGTest@385e9564]" started-at="2021-01-22T17:51:59 EST" name="beforeMethod" finished-at="2021-01-22T17:51:59 EST" duration-ms="0" status="PASS">
          <reporter-output>
          </reporter-output>
        </test-method> <!-- beforeMethod -->
        <test-method is-config="true" signature="afterMethod()[pri:0, instance:practice.TestNGTest@385e9564]" started-at="2021-01-22T17:51:59 EST" name="afterMethod" finished-at="2021-01-22T17:51:59 EST" duration-ms="0" status="PASS">
          <reporter-output>
          </reporter-output>
        </test-method> <!-- afterMethod -->
        <test-method is-config="true" signature="afterTest()[pri:0, instance:practice.TestNGTest@385e9564]" started-at="2021-01-22T17:51:59 EST" name="afterTest" finished-at="2021-01-22T17:51:59 EST" duration-ms="0" status="PASS">
          <reporter-output>
          </reporter-output>
        </test-method> <!-- afterTest -->
      </class> <!-- practice.TestNGTest -->
    </test> <!-- Default test -->
  </suite> <!-- Default suite -->
</testng-results>
